\BOOKMARK [0][-]{chapter.1}{\376\377\000I\000o\000T\000\040\000\046\000\040\000S\000m\000a\000r\000t\000\040\000E\000n\000v\000i\000r\000o\000n\000m\000e\000n\000t}{}% 1
\BOOKMARK [1][-]{subsection.1.0.1}{\376\377\000I\000o\000T\000\040\000i\000s\000s\000u\000e\000s}{chapter.1}% 2
\BOOKMARK [2][-]{subsection.1.0.2}{\376\377\000A\000I\000\040\000a\000p\000p\000r\000o\000a\000c\000h\000\040\000t\000o\000\040\000I\000o\000T}{subsection.1.0.1}% 3
\BOOKMARK [2][-]{subsection.1.0.3}{\376\377\000I\000n\000t\000e\000r\000o\000p\000e\000r\000a\000b\000i\000l\000i\000t\000y\000\040\000\046\000\040\000R\000e\000f\000e\000r\000e\000n\000c\000e\000\040\000S\000t\000a\000n\000d\000a\000r\000d\000s}{subsection.1.0.1}% 4
\BOOKMARK [2][-]{subsection.1.0.4}{\376\377\000B\000r\000i\000e\000f\000\040\000S\000e\000c\000u\000r\000i\000t\000y\000\040\000i\000n\000\040\000I\000o\000T}{subsection.1.0.1}% 5
\BOOKMARK [0][-]{chapter.2}{\376\377\000M\000Q\000T\000T\000\040\000-\000\040\000M\000e\000s\000s\000a\000g\000e\000\040\000Q\000u\000e\000u\000e\000i\000n\000g\000\040\000T\000e\000l\000e\000m\000e\000t\000r\000y\000\040\000T\000r\000a\000n\000s\000p\000o\000r\000t}{}% 6
\BOOKMARK [1][-]{section.2.1}{\376\377\000P\000u\000b\000l\000i\000s\000h\000/\000s\000u\000b\000s\000c\000r\000i\000b\000e\000\040\000m\000o\000d\000e\000l}{chapter.2}% 7
\BOOKMARK [2][-]{subsection.2.1.1}{\376\377\000M\000Q\000T\000T\000\040\000o\000p\000e\000r\000a\000t\000i\000o\000n\000s}{section.2.1}% 8
\BOOKMARK [2][-]{subsection.2.1.2}{\376\377\000T\000o\000p\000i\000c\000s}{section.2.1}% 9
\BOOKMARK [2][-]{subsection.2.1.3}{\376\377\000Q\000u\000a\000l\000i\000t\000y\000\040\000o\000f\000\040\000S\000e\000r\000v\000i\000c\000e}{section.2.1}% 10
\BOOKMARK [2][-]{subsection.2.1.4}{\376\377\000P\000e\000r\000s\000i\000s\000t\000e\000n\000t\000\040\000s\000e\000s\000s\000i\000o\000n\000s}{section.2.1}% 11
\BOOKMARK [2][-]{subsection.2.1.5}{\376\377\000R\000e\000t\000a\000i\000n\000e\000d\000\040\000m\000e\000s\000s\000a\000g\000e\000s}{section.2.1}% 12
\BOOKMARK [2][-]{subsection.2.1.6}{\376\377\000L\000a\000s\000t\000\040\000w\000i\000l\000l\000\040\000a\000n\000d\000\040\000t\000e\000s\000t\000a\000m\000e\000n\000t}{section.2.1}% 13
\BOOKMARK [2][-]{subsection.2.1.7}{\376\377\000K\000e\000e\000p\000A\000l\000i\000v\000e}{section.2.1}% 14
\BOOKMARK [2][-]{subsection.2.1.8}{\376\377\000P\000a\000c\000k\000e\000t\000\040\000f\000o\000r\000m\000a\000t}{section.2.1}% 15
\BOOKMARK [1][-]{section.2.2}{\376\377\000M\000Q\000T\000T\000\040\000o\000n\000\040\000A\000r\000d\000u\000i\000n\000o}{chapter.2}% 16
\BOOKMARK [2][-]{subsection.2.2.1}{\376\377\000M\000Q\000T\000T\000\040\000C\000o\000m\000p\000e\000t\000i\000t\000o\000r\000s}{section.2.2}% 17
\BOOKMARK [2][-]{subsection.2.2.2}{\376\377\000B\000r\000i\000e\000f\000\040\000C\000o\000A\000P\000\040\000\050\000C\000o\000n\000s\000t\000r\000a\000i\000n\000e\000d\000\040\000A\000p\000p\000l\000i\000c\000a\000t\000i\000o\000n\000\040\000P\000r\000o\000t\000o\000c\000o\000l\000\051}{section.2.2}% 18
\BOOKMARK [0][-]{chapter.3}{\376\377\000Z\000i\000g\000B\000e\000e}{}% 19
\BOOKMARK [1][-]{section.3.1}{\376\377\000Z\000i\000g\000B\000e\000e\000\040\000S\000t\000a\000n\000d\000a\000r\000d}{chapter.3}% 20
\BOOKMARK [2][-]{subsection.3.1.1}{\376\377\000S\000e\000r\000v\000i\000c\000e\000\040\000p\000r\000i\000m\000i\000t\000i\000v\000e\000s}{section.3.1}% 21
\BOOKMARK [2][-]{subsection.3.1.2}{\376\377\000N\000e\000t\000w\000o\000r\000k\000\040\000L\000a\000y\000e\000r}{section.3.1}% 22
\BOOKMARK [2][-]{subsection.3.1.3}{\376\377\000N\000e\000t\000w\000o\000r\000k\000\040\000F\000o\000r\000m\000a\000t\000i\000o\000n}{section.3.1}% 23
\BOOKMARK [2][-]{subsection.3.1.4}{\376\377\000D\000e\000v\000i\000c\000e\000\040\000j\000o\000i\000n}{section.3.1}% 24
\BOOKMARK [2][-]{subsection.3.1.5}{\376\377\000A\000p\000p\000l\000i\000c\000a\000t\000i\000o\000n\000\040\000L\000a\000y\000e\000r}{section.3.1}% 25
\BOOKMARK [2][-]{subsection.3.1.6}{\376\377\0001\000.\000\040\000A\000p\000p\000l\000i\000c\000a\000t\000i\000o\000n\000\040\000F\000r\000a\000m\000e\000w\000o\000r\000k}{section.3.1}% 26
\BOOKMARK [2][-]{subsection.3.1.7}{\376\377\0002\000.\000\040\000A\000p\000p\000l\000i\000c\000a\000t\000i\000o\000n\000\040\000S\000u\000p\000p\000o\000r\000t\000\040\000S\000u\000b\000l\000a\000y\000e\000r\000\040\000\050\000A\000P\000S\000\051}{section.3.1}% 27
\BOOKMARK [2][-]{subsection.3.1.8}{\376\377\0003\000.\000\040\000Z\000i\000g\000B\000e\000e\000\040\000D\000e\000v\000i\000c\000e\000\040\000O\000b\000j\000e\000c\000t\000\040\000\050\000Z\000D\000O\000\051}{section.3.1}% 28
\BOOKMARK [2][-]{subsection.3.1.9}{\376\377\000Z\000i\000g\000B\000e\000e\000\040\000C\000l\000u\000s\000t\000e\000r\000\040\000L\000i\000b\000r\000a\000r\000y\000\040\000\050\000Z\000C\000L\000\051}{section.3.1}% 29
\BOOKMARK [2][-]{subsection.3.1.10}{\376\377\000Z\000i\000g\000B\000e\000e\000\040\000S\000e\000c\000u\000r\000i\000t\000y\000\040\000S\000p\000e\000c\000i\000f\000i\000c\000a\000t\000i\000o\000n}{section.3.1}% 30
\BOOKMARK [0][-]{chapter.4}{\376\377\000I\000o\000T\000\040\000D\000e\000s\000i\000g\000n\000\040\000A\000s\000p\000e\000c\000t\000s}{}% 31
\BOOKMARK [1][-]{section.4.1}{\376\377\000E\000n\000e\000r\000g\000y\000\040\000e\000f\000f\000i\000c\000i\000e\000n\000c\000y}{chapter.4}% 32
\BOOKMARK [2][-]{subsection.4.1.1}{\376\377\000M\000e\000a\000s\000u\000r\000i\000n\000g\000\040\000e\000n\000e\000r\000g\000y}{section.4.1}% 33
\BOOKMARK [2][-]{subsection.4.1.2}{\376\377\000E\000x\000e\000r\000c\000i\000s\000e}{section.4.1}% 34
\BOOKMARK [2][-]{subsection.4.1.3}{\376\377\000E\000x\000e\000r\000c\000i\000s\000e\000\040\0004}{section.4.1}% 35
\BOOKMARK [0][-]{chapter.5}{\376\377\000M\000A\000C\000\040\000P\000r\000o\000t\000o\000c\000o\000l\000s}{}% 36
\BOOKMARK [1][-]{section.5.1}{\376\377\000S\000y\000n\000c\000r\000h\000o\000n\000i\000z\000a\000t\000i\000o\000n\000:\000\040\000S\000-\000M\000A\000C}{chapter.5}% 37
\BOOKMARK [1][-]{section.5.2}{\376\377\000P\000r\000e\000a\000m\000b\000l\000e\000\040\000S\000a\000m\000p\000l\000i\000n\000g\000:\000\040\000B\000-\000M\000A\000C}{chapter.5}% 38
\BOOKMARK [2][-]{subsection.5.2.1}{\376\377\000X\000-\000M\000A\000C}{section.5.2}% 39
\BOOKMARK [0][-]{chapter.6}{\376\377\000I\000E\000E\000E\000\040\0008\0000\0002\000.\0001\0005\000.\0004}{}% 40
\BOOKMARK [1][-]{subsection.6.0.1}{\376\377\000P\000h\000y\000s\000i\000c\000a\000l\000\040\000l\000a\000y\000e\000r}{chapter.6}% 41
\BOOKMARK [2][-]{subsection.6.0.2}{\376\377\000M\000A\000C\000\040\000L\000a\000y\000e\000r}{subsection.6.0.1}% 42
\BOOKMARK [2][-]{subsection.6.0.3}{\376\377\000C\000h\000a\000n\000n\000e\000l\000\040\000a\000c\000c\000e\000s\000s}{subsection.6.0.1}% 43
\BOOKMARK [2][-]{subsection.6.0.4}{\376\377\000D\000a\000t\000a\000\040\000t\000r\000a\000n\000s\000f\000e\000r\000\040\000m\000o\000d\000e\000l\000s}{subsection.6.0.1}% 44
\BOOKMARK [2][-]{subsection.6.0.5}{\376\377\000M\000A\000C\000\040\000L\000a\000y\000e\000r\000\040\000S\000e\000r\000v\000i\000c\000e\000\040\000p\000r\000i\000m\000i\000t\000i\000v\000e\000s}{subsection.6.0.1}% 45
\BOOKMARK [0][-]{chapter.7}{\376\377\000E\000m\000b\000e\000d\000d\000e\000d\000\040\000P\000r\000o\000g\000r\000a\000m\000m\000i\000n\000g}{}% 46
\BOOKMARK [1][-]{section.7.1}{\376\377\000A\000r\000d\000u\000i\000n\000o\000\040\000m\000o\000d\000e\000l}{chapter.7}% 47
\BOOKMARK [1][-]{section.7.2}{\376\377\000C\000a\000s\000e\000\040\000S\000t\000u\000d\000y\000:\000\040\000T\000i\000n\000y\000O\000S}{chapter.7}% 48
\BOOKMARK [1][-]{section.7.3}{\376\377\000C\000a\000s\000e\000\040\000S\000t\000u\000d\000y\000:\000\040\000A\000r\000d\000u\000i\000n\000o}{chapter.7}% 49
\BOOKMARK [2][-]{subsection.7.3.1}{\376\377\000A\000r\000d\000u\000i\000n\000o\000\040\000i\000n\000t\000e\000r\000r\000u\000p\000t\000s}{section.7.3}% 50
\BOOKMARK [0][-]{chapter.8}{\376\377\000E\000n\000e\000r\000g\000y\000\040\000H\000a\000r\000v\000e\000s\000t\000i\000n\000g}{}% 51
\BOOKMARK [1][-]{section.8.1}{\376\377\000H\000a\000r\000v\000e\000s\000t\000i\000n\000g\000\040\000a\000r\000c\000h\000i\000t\000e\000c\000t\000u\000r\000e\000s}{chapter.8}% 52
\BOOKMARK [2][-]{subsection.8.1.1}{\376\377\000D\000i\000r\000e\000c\000t\000\040\000h\000a\000r\000v\000e\000s\000t\000i\000n\000g\000\040\000m\000o\000d\000e\000l}{section.8.1}% 53
\BOOKMARK [2][-]{subsection.8.1.2}{\376\377\000E\000n\000e\000r\000g\000y\000\040\000b\000u\000f\000f\000e\000r\000\040\000m\000o\000d\000e\000l}{section.8.1}% 54
\BOOKMARK [2][-]{subsection.8.1.3}{\376\377\000N\000o\000n\000-\000i\000d\000e\000a\000l\000\040\000e\000n\000e\000r\000g\000y\000\040\000b\000u\000f\000f\000e\000r\000\040\000m\000o\000d\000e\000l}{section.8.1}% 55
\BOOKMARK [2][-]{subsection.8.1.4}{\376\377\000E\000x\000e\000r\000c\000i\000s\000e}{section.8.1}% 56
\BOOKMARK [1][-]{section.8.2}{\376\377\000E\000n\000e\000r\000g\000y\000\040\000s\000o\000u\000r\000c\000e\000s}{chapter.8}% 57
\BOOKMARK [2][-]{subsection.8.2.1}{\376\377\000S\000t\000o\000r\000a\000g\000e\000\040\000t\000e\000c\000h\000n\000o\000l\000o\000g\000i\000e\000s}{section.8.2}% 58
\BOOKMARK [1][-]{section.8.3}{\376\377\000M\000e\000a\000s\000u\000r\000i\000n\000g\000\040\000e\000n\000e\000r\000g\000y\000\040\000p\000r\000o\000d\000u\000c\000t\000i\000o\000n}{chapter.8}% 59
\BOOKMARK [1][-]{section.8.4}{\376\377\000E\000n\000e\000r\000g\000y\000\040\000n\000e\000u\000t\000r\000a\000l\000i\000t\000y}{chapter.8}% 60
\BOOKMARK [1][-]{section.8.5}{\376\377\000K\000a\000n\000s\000a\000l\040\031\000s\000\040\000m\000o\000d\000e\000l\000\040\000f\000o\000r\000\040\000e\000n\000e\000r\000g\000y\000\040\000n\000e\000u\000t\000r\000a\000l\000i\000t\000y}{chapter.8}% 61
\BOOKMARK [2][-]{subsection.8.5.1}{\376\377\000D\000u\000t\000y\000\040\000c\000y\000c\000l\000e\000\040\000m\000o\000d\000u\000l\000a\000t\000i\000o\000n}{section.8.5}% 62
\BOOKMARK [2][-]{subsection.8.5.2}{\376\377\000K\000a\000n\000s\000a\000l\000'\000s\000\040\000a\000l\000g\000o\000r\000i\000t\000h\000m}{section.8.5}% 63
\BOOKMARK [1][-]{section.8.6}{\376\377\000T\000a\000s\000k\000-\000b\000a\000s\000e\000d\000\040\000m\000o\000d\000e\000l\000\040\000f\000o\000r\000\040\000e\000n\000e\000r\000g\000y\000\040\000n\000e\000u\000t\000r\000a\000l\000i\000t\000y}{chapter.8}% 64
\BOOKMARK [2][-]{subsection.8.6.1}{\376\377\000T\000a\000s\000k\000-\000b\000a\000s\000e\000d\000\040\000m\000o\000d\000e\000l}{section.8.6}% 65
\BOOKMARK [2][-]{subsection.8.6.2}{\376\377\000D\000y\000n\000a\000m\000i\000c\000\040\000P\000r\000o\000g\000r\000a\000m\000m\000i\000n\000g\000\040\000f\000o\000r\000m\000a\000l\000i\000z\000a\000t\000i\000o\000n}{section.8.6}% 66
\BOOKMARK [2][-]{subsection.8.6.3}{\376\377\000E\000x\000e\000c\000u\000t\000i\000o\000n\000\040\000T\000i\000m\000e}{section.8.6}% 67
\BOOKMARK [0][-]{chapter.9}{\376\377\000W\000i\000r\000e\000l\000e\000s\000s\000\040\000S\000e\000n\000s\000o\000r\000\040\000N\000e\000t\000w\000o\000r\000k\000s}{}% 68
\BOOKMARK [1][-]{subsection.9.0.1}{\376\377\000D\000a\000t\000a\000\040\000c\000e\000n\000t\000r\000i\000c\000\040\000v\000s\000\040\000n\000o\000d\000e\000\040\000c\000e\000n\000t\000r\000i\000c}{chapter.9}% 69
\BOOKMARK [1][-]{section.9.1}{\376\377\000D\000i\000r\000e\000c\000t\000e\000d\000\040\000D\000i\000f\000f\000u\000s\000i\000o\000n}{chapter.9}% 70
\BOOKMARK [2][-]{subsection.9.1.1}{\376\377\000S\000c\000a\000l\000a\000b\000i\000l\000i\000t\000y\000,\000\040\000p\000r\000o\000s\000\040\000a\000n\000d\000\040\000c\000o\000n\000s}{section.9.1}% 71
\BOOKMARK [1][-]{section.9.2}{\376\377\000G\000r\000e\000e\000d\000y\000\040\000P\000e\000r\000i\000m\000e\000t\000e\000r\000\040\000S\000t\000a\000t\000e\000l\000e\000s\000s\000\040\000R\000o\000u\000t\000i\000n\000g\000\040\000\050\000G\000P\000S\000R\000\051}{chapter.9}% 72
\BOOKMARK [2][-]{subsection.9.2.1}{\376\377\000P\000r\000o\000t\000o\000c\000o\000l\000\040\000o\000v\000e\000r\000v\000i\000e\000w}{section.9.2}% 73
\BOOKMARK [2][-]{subsection.9.2.2}{\376\377\000D\000r\000a\000w\000b\000a\000c\000k}{section.9.2}% 74
\BOOKMARK [0][-]{chapter.10}{\376\377\000W\000i\000r\000e\000l\000e\000s\000s\000\040\000N\000e\000t\000w\000o\000r\000k\000s}{}% 75
\BOOKMARK [1][-]{subsection.10.0.1}{\376\377\000W\000i\000r\000e\000l\000e\000s\000s\000\040\000n\000e\000t\000w\000o\000r\000k\000s}{chapter.10}% 76
\BOOKMARK [2][-]{subsection.10.0.2}{\376\377\000C\000h\000a\000r\000a\000t\000e\000r\000i\000s\000t\000i\000c\000s\000\040\000o\000f\000\040\000w\000i\000r\000e\000l\000e\000s\000s\000\040\000c\000o\000m\000m\000u\000n\000i\000c\000a\000t\000i\000o\000n\000s}{subsection.10.0.1}% 77
\BOOKMARK [2][-]{subsection.10.0.3}{\376\377\000O\000b\000s\000t\000a\000c\000l\000e\000s}{subsection.10.0.1}% 78
\BOOKMARK [2][-]{subsection.10.0.4}{\376\377\000C\000S\000M\000A\000/\000C\000D\000\040\000-\000\040\000C\000a\000r\000r\000i\000e\000r\000\040\000S\000e\000n\000s\000e\000\040\000M\000u\000l\000t\000i\000p\000l\000e\000\040\000A\000c\000c\000e\000s\000s\000e\000s\000\040\000w\000i\000t\000h\000\040\000C\000o\000l\000l\000i\000s\000i\000o\000n\000\040\000D\000e\000t\000e\000c\000t\000i\000o\000n}{subsection.10.0.1}% 79
\BOOKMARK [2][-]{subsection.10.0.5}{\376\377\000H\000i\000d\000d\000e\000n\000\040\000t\000e\000r\000m\000i\000n\000a\000l\000\040\000p\000r\000o\000b\000l\000e\000m}{subsection.10.0.1}% 80
\BOOKMARK [2][-]{subsection.10.0.6}{\376\377\000E\000x\000p\000o\000s\000e\000d\000\040\000t\000e\000r\000m\000i\000n\000a\000l\000\040\000p\000r\000o\000b\000l\000e\000m}{subsection.10.0.1}% 81
\BOOKMARK [2][-]{subsection.10.0.7}{\376\377\000M\000A\000C\000A\000\040\000-\000\040\000M\000u\000l\000t\000i\000p\000l\000e\000\040\000A\000c\000c\000e\000s\000s\000\040\000w\000i\000t\000h\000\040\000C\000o\000l\000l\000i\000s\000i\000o\000n\000\040\000A\000v\000o\000i\000d\000a\000n\000c\000e}{subsection.10.0.1}% 82
\BOOKMARK [2][-]{subsection.10.0.8}{\376\377\000M\000A\000C\000A\000W\000:\000\040\000M\000A\000C\000A\000\040\000f\000o\000r\000\040\000W\000i\000r\000e\000l\000e\000s\000s\000\040\000N\000e\000t\000w\000o\000r\000k}{subsection.10.0.1}% 83
\BOOKMARK [1][-]{section.10.1}{\376\377\000I\000E\000E\000E\000\040\0008\0000\0002\000.\0001\0001}{chapter.10}% 84
\BOOKMARK [2][-]{subsection.10.1.1}{\376\377\000C\000h\000a\000n\000n\000e\000l\000\040\000a\000s\000s\000o\000c\000i\000a\000t\000i\000o\000n}{section.10.1}% 85
\BOOKMARK [2][-]{subsection.10.1.2}{\376\377\000M\000A\000C\000\040\000S\000u\000b\000l\000a\000y\000e\000r}{section.10.1}% 86
\BOOKMARK [1][-]{section.10.2}{\376\377\000M\000o\000b\000i\000l\000e\000\040\000N\000e\000t\000w\000o\000r\000k\000s}{chapter.10}% 87
\BOOKMARK [2][-]{subsection.10.2.1}{\376\377\000F\000D\000M\000A\000/\000T\000D\000M\000A\000\040\000a\000n\000d\000\040\000C\000D\000M\000A\000\040\000f\000o\000r\000\040\000f\000i\000r\000s\000t\000\040\000h\000o\000p\000\040\000a\000c\000c\000e\000s\000s}{section.10.2}% 88
\BOOKMARK [2][-]{subsection.10.2.2}{\376\377\0003\000G\000\040\000v\000s\000.\000\040\0004\000G\000\040\000L\000T\000E\000\040\000\050\000L\000o\000n\000g\000\040\000T\000e\000r\000m\000\040\000E\000v\000o\000l\000u\000t\000i\000o\000n\000\051\000\040\000n\000e\000t\000w\000o\000r\000k\000\040\000a\000r\000c\000h\000i\000t\000e\000c\000t\000u\000r\000e}{section.10.2}% 89
\BOOKMARK [1][-]{section.10.3}{\376\377\0004\000G\000/\0005\000G\000\040\000c\000e\000l\000l\000u\000l\000a\000r\000\040\000n\000e\000t\000w\000o\000r\000k\000s}{chapter.10}% 90
\BOOKMARK [2][-]{subsection.10.3.1}{\376\377\000E\000l\000e\000m\000e\000n\000t\000s\000\040\000o\000f\000\040\0004\000G\000\040\000a\000r\000c\000h\000i\000t\000e\000c\000t\000u\000r\000e}{section.10.3}% 91
\BOOKMARK [2][-]{subsection.10.3.2}{\376\377\000A\000s\000s\000o\000c\000i\000a\000t\000i\000n\000g\000\040\000w\000i\000t\000h\000\040\000a\000\040\000b\000a\000s\000e\000\040\000s\000t\000a\000t\000i\000o\000n}{section.10.3}% 92
\BOOKMARK [2][-]{subsection.10.3.3}{\376\377\0005\000G\000\040\000a\000r\000c\000h\000i\000t\000e\000c\000t\000u\000r\000e}{section.10.3}% 93
\BOOKMARK [2][-]{subsection.10.3.4}{\376\377\000D\000e\000p\000l\000o\000y\000m\000e\000n\000t\000\040\000o\000p\000t\000i\000o\000n\000s}{section.10.3}% 94
\BOOKMARK [1][-]{section.10.4}{\376\377\000M\000o\000b\000i\000l\000i\000t\000y}{chapter.10}% 95
\BOOKMARK [2][-]{subsection.10.4.1}{\376\377\000M\000o\000b\000i\000l\000i\000t\000y\000\040\000i\000n\000\040\0004\000G}{section.10.4}% 96
\BOOKMARK [0][-]{chapter.11}{\376\377\000S\000o\000f\000t\000w\000a\000r\000e\000\040\000D\000e\000f\000i\000n\000e\000d\000\040\000N\000e\000t\000w\000o\000r\000k\000i\000n\000g\000\040\000\050\000S\000D\000N\000\051}{}% 97
\BOOKMARK [1][-]{subsection.11.0.1}{\376\377\000S\000D\000N\000\040\000A\000r\000c\000h\000i\000t\000e\000c\000t\000u\000r\000e}{chapter.11}% 98
\BOOKMARK [1][-]{section.11.1}{\376\377\000D\000a\000t\000a\000\040\000P\000l\000a\000n\000e}{chapter.11}% 99
\BOOKMARK [1][-]{section.11.2}{\376\377\000C\000o\000n\000t\000r\000o\000l\000\040\000P\000l\000a\000n\000e}{chapter.11}% 100
\BOOKMARK [2][-]{subsection.11.2.1}{\376\377\000O\000p\000e\000n\000F\000l\000o\000w}{section.11.2}% 101
\BOOKMARK [1][-]{section.11.3}{\376\377\000T\000o\000p\000o\000l\000o\000g\000y\000\040\000d\000i\000s\000c\000o\000v\000e\000r\000y\000\040\000a\000n\000d\000\040\000f\000o\000r\000w\000a\000r\000d\000i\000n\000g}{chapter.11}% 102
\BOOKMARK [2][-]{subsection.11.3.1}{\376\377\000L\000L\000D\000P\000\040\000-\000\040\000L\000i\000n\000k\000\040\000L\000a\000y\000e\000r\000\040\000D\000i\000s\000c\000o\000v\000e\000r\000y\000\040\000P\000r\000o\000t\000o\000c\000o\000l}{section.11.3}% 103
\BOOKMARK [0][-]{chapter.12}{\376\377\000N\000e\000t\000w\000o\000r\000k\000\040\000F\000u\000n\000c\000t\000i\000o\000n\000\040\000V\000i\000r\000t\000u\000a\000l\000i\000z\000a\000t\000i\000o\000n}{}% 104
\BOOKMARK [1][-]{subsection.12.0.1}{\376\377\000O\000v\000e\000r\000v\000i\000e\000w}{chapter.12}% 105
\BOOKMARK [2][-]{subsection.12.0.2}{\376\377\000N\000e\000t\000w\000o\000r\000k\000\040\000s\000e\000r\000v\000i\000c\000e}{subsection.12.0.1}% 106
\BOOKMARK [2][-]{subsection.12.0.3}{\376\377\000N\000F\000V\000\040\000A\000r\000c\000h\000i\000t\000e\000c\000t\000u\000r\000a\000l\000\040\000F\000r\000a\000m\000e\000w\000o\000r\000k}{subsection.12.0.1}% 107
\BOOKMARK [2][-]{subsection.12.0.4}{\376\377\000M\000a\000n\000a\000g\000e\000m\000e\000n\000t\000\040\000a\000n\000d\000\040\000O\000r\000c\000h\000e\000s\000t\000r\000a\000t\000i\000o\000n\000\040\000\050\000M\000A\000N\000O\000\051}{subsection.12.0.1}% 108
\BOOKMARK [1][-]{section.12.1}{\376\377\000N\000e\000t\000w\000o\000r\000k\000\040\000S\000l\000i\000c\000i\000n\000g}{chapter.12}% 109
\BOOKMARK [2][-]{subsection.12.1.1}{\376\377\000N\000e\000t\000w\000o\000r\000k\000\040\000S\000l\000i\000c\000i\000n\000g\000\040\000E\000x\000a\000m\000p\000l\000e}{section.12.1}% 110
\BOOKMARK [0][-]{chapter.13}{\376\377\000T\000h\000e\000o\000r\000y\000\040\000o\000f\000\040\000s\000i\000g\000n\000a\000l\000s}{}% 111
\BOOKMARK [1][-]{section.13.1}{\376\377\000C\000l\000a\000s\000s\000i\000f\000i\000c\000a\000t\000i\000o\000n\000\040\000o\000f\000\040\000s\000i\000g\000n\000a\000l\000s}{chapter.13}% 112
\BOOKMARK [2][-]{subsection.13.1.1}{\376\377\000P\000e\000r\000i\000o\000d\000i\000c\000\040\000c\000o\000n\000t\000i\000n\000o\000u\000s\000\040\000s\000i\000g\000n\000a\000l\000s}{section.13.1}% 113
\BOOKMARK [2][-]{subsection.13.1.2}{\376\377\000T\000r\000a\000n\000s\000m\000i\000s\000s\000i\000o\000n}{section.13.1}% 114
\BOOKMARK [1][-]{section.13.2}{\376\377\000F\000o\000u\000r\000i\000e\000r\000\040\000s\000e\000r\000i\000e\000s}{chapter.13}% 115
\BOOKMARK [1][-]{section.13.3}{\376\377\000F\000o\000u\000r\000i\000e\000r\000\040\000T\000r\000a\000n\000s\000f\000o\000r\000m}{chapter.13}% 116
\BOOKMARK [2][-]{subsection.13.3.1}{\376\377\000F\000o\000u\000r\000i\000e\000r\000\040\000T\000r\000a\000n\000s\000f\000o\000r\000m}{section.13.3}% 117
\BOOKMARK [2][-]{subsection.13.3.2}{\376\377\000F\000o\000u\000r\000i\000e\000r\000\040\000T\000r\000a\000n\000s\000f\000o\000r\000m\000\040\000f\000o\000r\000\040\000n\000o\000n\000-\000p\000e\000r\000i\000o\000d\000i\000c\000\040\000s\000i\000g\000n\000a\000l\000s}{section.13.3}% 118
\BOOKMARK [2][-]{subsection.13.3.3}{\376\377\000F\000r\000o\000m\000\040\000F\000T\000\040\000t\000o\000\040\000D\000F\000T}{section.13.3}% 119
\BOOKMARK [1][-]{section.13.4}{\376\377\000A\000n\000a\000l\000o\000g\000\040\000t\000o\000\040\000d\000i\000g\000i\000t\000a\000l\000\040\000c\000o\000n\000v\000e\000r\000s\000i\000o\000n}{chapter.13}% 120
\BOOKMARK [2][-]{subsection.13.4.1}{\376\377\000S\000a\000m\000p\000l\000i\000n\000g\000\040\000t\000h\000e\000o\000r\000e\000m}{section.13.4}% 121
\BOOKMARK [2][-]{subsection.13.4.2}{\376\377\000A\000l\000i\000a\000s\000i\000n\000g}{section.13.4}% 122
\BOOKMARK [1][-]{section.13.5}{\376\377\000Q\000u\000a\000n\000t\000i\000z\000a\000t\000i\000o\000n}{chapter.13}% 123
\BOOKMARK [0][-]{appendix.A}{\376\377\000E\000x\000e\000r\000c\000i\000s\000e\000s}{}% 124
\BOOKMARK [1][-]{subsection.A.0.1}{\376\377\000E\000x\000e\000r\000c\000i\000s\000e}{appendix.A}% 125
\BOOKMARK [2][-]{subsection.A.0.2}{\376\377\000E\000x\000e\000r\000c\000i\000s\000e\000\040\0003}{subsection.A.0.1}% 126
\BOOKMARK [2][-]{subsection.A.0.3}{\376\377\000E\000x\000e\000r\000c\000i\000s\000e\000\040\0004}{subsection.A.0.1}% 127
\BOOKMARK [2][-]{subsection.A.0.4}{\376\377\000E\000x\000e\000r\000c\000i\000s\000e\000\040\0005}{subsection.A.0.1}% 128
\BOOKMARK [2][-]{subsection.A.0.5}{\376\377\000E\000x\000e\000r\000c\000i\000s\000e\000\040\0006}{subsection.A.0.1}% 129
\BOOKMARK [2][-]{subsection.A.0.6}{\376\377\000E\000x\000e\000r\000c\000i\000s\000e\000\040\0007}{subsection.A.0.1}% 130
\BOOKMARK [2][-]{subsection.A.0.7}{\376\377\000E\000x\000e\000r\000c\000i\000s\000e\000\040\0008}{subsection.A.0.1}% 131
\BOOKMARK [2][-]{subsection.A.0.8}{\376\377\000E\000x\000e\000r\000c\000i\000s\000e\000\040\0009}{subsection.A.0.1}% 132
\BOOKMARK [2][-]{subsection.A.0.9}{\376\377\000Q\000u\000e\000s\000t\000i\000o\000n\000s\000\040\0001}{subsection.A.0.1}% 133
\BOOKMARK [2][-]{subsection.A.0.10}{\376\377\000Q\000u\000e\000s\000t\000i\000o\000n\000s\000\040\0002}{subsection.A.0.1}% 134
\BOOKMARK [2][-]{subsection.A.0.11}{\376\377\000Q\000u\000e\000s\000t\000i\000o\000n\000\040\0003}{subsection.A.0.1}% 135
\BOOKMARK [2][-]{subsection.A.0.12}{\376\377\000Q\000u\000e\000s\000t\000i\000o\000n\000\040\0004}{subsection.A.0.1}% 136
\BOOKMARK [2][-]{subsection.A.0.13}{\376\377\000Q\000u\000e\000s\000t\000i\000o\000n\000\040\0005}{subsection.A.0.1}% 137
\BOOKMARK [2][-]{subsection.A.0.14}{\376\377\000Q\000u\000e\000s\000t\000i\000o\000n\000\040\0006}{subsection.A.0.1}% 138
\BOOKMARK [2][-]{subsection.A.0.15}{\376\377\000Q\000u\000e\000s\000t\000i\000o\000n\000\040\0007}{subsection.A.0.1}% 139
